\BOOKMARK [-1][-]{part.1}{\376\377\000I\000\040\000B\000a\000n\000d\000a\000r\000a\000n\000a\000i\000k\000e\000,\000\040\000M\000o\000h\000o\000t\000t\000i\000\040\000A\000p\000p\000u\000h\000a\000m\000i}{}% 1
\BOOKMARK [0][-]{chapter.1}{\376\377\000B\000a\000n\000d\000a\000r\000a\000n\000a\000i\000k\000e\000,\000\040\000M\000o\000h\000o\000t\000t\000i\000\040\000A\000p\000p\000u\000h\000a\000m\000i}{part.1}% 2
\BOOKMARK [0][-]{chapter.2}{\376\377\000B\000a\000n\000d\000a\000r\000a\000n\000a\000i\000k\000e\000,\000\040\000M\000o\000h\000o\000t\000t\000i\000\040\000M\000u\000d\000i\000y\000a\000n\000s\000e\000l\000a\000g\000e\000\040\000D\000o\000m\000i\000n\000g\000o\000\040\000D\000i\000a\000s}{part.1}% 3
\BOOKMARK [0][-]{chapter.3}{\376\377\000B\000a\000n\000d\000a\000r\000a\000n\000a\000i\000k\000e\000,\000\040\000S\000o\000n}{part.1}% 4
\BOOKMARK [0][-]{chapter.4}{\376\377\000B\000a\000n\000d\000a\000r\000a\000n\000a\000i\000k\000e\000,\000\040\000D\000o\000n\000a\000\040\000L\000o\000u\000i\000s\000a\000\040\000D\000i\000a\000s}{part.1}% 5
\BOOKMARK [0][-]{chapter.5}{\376\377\000B\000a\000n\000d\000a\000r\000a\000n\000a\000i\000k\000e\000,\000\040\000D\000o\000n\000\040\000F\000r\000a\000n\000c\000i\000s\000c\000o\000\040\000D\000i\000a\000s\000\040\000W\000i\000j\000e\000t\000u\000n\000g\000a}{part.1}% 6
\BOOKMARK [0][-]{chapter.6}{\376\377\000D\000e\000\040\000L\000i\000v\000e\000r\000a\000,\000\040\000D\000o\000n\000\040\000B\000a\000l\000t\000h\000a\000z\000a\000r\000\040\000W\000i\000j\000e\000w\000i\000c\000k\000r\000e\000m\000a\000\040\000S\000e\000n\000e\000v\000i\000r\000a\000t\000n\000e}{part.1}% 7
\BOOKMARK [0][-]{chapter.7}{\376\377\000D\000e\000\040\000L\000i\000v\000e\000r\000a\000,\000\040\000D\000o\000n\000\040\000M\000a\000r\000a\000p\000p\000u\000l\000i\000\040\000A\000p\000p\000u\000h\000a\000m\000i\000l\000a\000g\000e\000\040\000D\000o\000n\000\040\000L\000o\000u\000i\000s\000\040\000W\000i\000j\000e\000w\000i\000c\000k\000r\000e\000m\000e\000\040\000S\000e\000n\000e\000v\000i\000r\000a\000t\000n\000e\000\040\000T\000e\000n\000n\000a\000k\000o\000o\000n}{part.1}% 8
\BOOKMARK [0][-]{chapter.8}{\376\377\000B\000a\000n\000d\000a\000r\000a\000n\000a\000i\000k\000e\000,\000\040\000D\000o\000n\000\040\000D\000a\000n\000i\000e\000l\000\040\000D\000i\000a\000s\000\040\000W\000i\000j\000e\000w\000a\000r\000d\000e\000n\000e}{part.1}% 9
\BOOKMARK [0][-]{chapter.9}{\376\377\000B\000a\000n\000d\000a\000r\000a\000n\000a\000i\000k\000e\000,\000\040\000C\000o\000n\000r\000a\000d\000\040\000P\000i\000e\000t\000e\000r\000\040\000D\000i\000a\000s\000\040\000W\000i\000j\000e\000w\000a\000r\000d\000e\000n\000a}{part.1}% 10
\BOOKMARK [0][-]{chapter.10}{\376\377\000B\000a\000n\000d\000a\000r\000a\000n\000a\000i\000k\000e\000,\000\040\000D\000o\000n\000\040\000A\000l\000e\000x\000a\000n\000d\000e\000r\000\040\000D\000i\000a\000s}{part.1}% 11
\BOOKMARK [0][-]{chapter.11}{\376\377\000D\000e\000\040\000L\000i\000v\000e\000r\000a\000,\000\040\000J\000o\000h\000a\000n\000n\000a\000\040\000P\000e\000t\000r\000e\000n\000e\000l\000l\000a}{part.1}% 12
\BOOKMARK [0][-]{chapter.12}{\376\377\000D\000e\000\040\000L\000i\000v\000e\000r\000a\000,\000\040\000S\000i\000m\000o\000n}{part.1}% 13
\BOOKMARK [0][-]{chapter.13}{\376\377\000D\000e\000\040\000L\000i\000v\000e\000r\000a\000,\000\040\000D\000o\000n\000\040\000C\000a\000r\000o\000l\000i\000s\000\040\000W\000i\000j\000e\000w\000i\000c\000k\000r\000e\000m\000a\000\040\000T\000e\000n\000n\000e\000k\000o\000o\000n}{part.1}% 14
\BOOKMARK [0][-]{chapter.14}{\376\377\000B\000a\000n\000d\000a\000r\000a\000n\000a\000i\000k\000e\000,\000\040\000D\000o\000n\000\040\000S\000o\000l\000o\000m\000o\000n\000\040\000D\000i\000a\000s}{part.1}% 15
\BOOKMARK [0][-]{chapter.15}{\376\377\000B\000a\000n\000d\000a\000r\000a\000n\000a\000i\000k\000e\000,\000\040\000D\000o\000n\000a\000\040\000F\000l\000o\000r\000e\000n\000t\000i\000n\000a\000\040\000D\000i\000a\000s}{part.1}% 16
\BOOKMARK [0][-]{chapter.16}{\376\377\000B\000a\000n\000d\000a\000r\000a\000n\000a\000i\000k\000e\000,\000\040\000J\000a\000c\000a\000b\000u\000s\000\040\000D\000i\000a\000s\000\040\000W\000i\000j\000e\000w\000a\000r\000d\000e\000n\000a}{part.1}% 17
\BOOKMARK [0][-]{chapter.17}{\376\377\000B\000a\000n\000d\000a\000r\000a\000n\000a\000i\000k\000e\000,\000\040\000D\000o\000n\000a\000\040\000M\000a\000r\000i\000a\000\040\000K\000a\000t\000h\000e\000r\000i\000n\000a\000\040\000D\000i\000a\000s}{part.1}% 18
\BOOKMARK [0][-]{chapter.18}{\376\377\000B\000a\000n\000d\000a\000r\000a\000n\000a\000i\000k\000e\000,\000\040\000D\000o\000n\000\040\000J\000o\000h\000a\000n\000n\000e\000s\000\040\000F\000r\000a\000n\000s\000i\000s\000c\000u\000s}{part.1}% 19
\BOOKMARK [0][-]{chapter.19}{\376\377\000B\000a\000n\000d\000a\000r\000a\000n\000a\000i\000k\000e\000,\000\040\000B\000a\000s\000t\000i\000a\000n\000\040\000F\000r\000a\000n\000s\000i\000s\000c\000u\000s\000\040\000D\000i\000a\000s\000\040\000B\000a\000n\000d\000a\000r\000a\000n\000a\000y\000a\000k\000a}{part.1}% 20
\BOOKMARK [0][-]{chapter.20}{\376\377\000B\000a\000n\000d\000a\000r\000a\000n\000a\000i\000k\000e\000,\000\040\000E\000l\000i\000z\000e\000b\000e\000t\000h\000\040\000D\000i\000a\000s}{part.1}% 21
\BOOKMARK [0][-]{chapter.21}{\376\377\000B\000a\000n\000d\000a\000r\000a\000n\000a\000i\000k\000e\000,\000\040\000C\000o\000r\000n\000e\000l\000i\000a\000\040\000S\000u\000s\000a\000n\000n\000a\000\040\000E\000l\000i\000z\000a\000b\000e\000t\000h\000\040\000D\000i\000a\000s}{part.1}% 22
\BOOKMARK [0][-]{chapter.22}{\376\377\000B\000a\000n\000d\000a\000r\000a\000n\000a\000i\000k\000e\000,\000\040\000D\000o\000n\000\040\000C\000h\000r\000i\000s\000t\000o\000f\000f\000e\000l\000\040\000H\000e\000n\000r\000i\000c\000u\000s\000\040\000D\000i\000a\000s\000\040\000A\000b\000e\000y\000w\000i\000c\000k\000r\000e\000m\000a\000\040\000J\000a\000y\000a\000t\000i\000l\000a\000k\000e\000\040\000S\000e\000n\000e\000v\000i\000r\000a\000t\000n\000e}{part.1}% 23
\BOOKMARK [0][-]{chapter.23}{\376\377\000D\000e\000\040\000L\000i\000v\000e\000r\000a\000,\000\040\000C\000o\000r\000n\000e\000l\000i\000u\000s}{part.1}% 24
\BOOKMARK [0][-]{chapter.24}{\376\377\000D\000e\000\040\000L\000i\000v\000e\000r\000a\000,\000\040\000D\000a\000v\000i\000d\000\040\000W\000i\000j\000e\000w\000a\000r\000d\000e\000n\000a\000\040\000T\000e\000n\000n\000a\000k\000o\000o\000n}{part.1}% 25
\BOOKMARK [0][-]{chapter.25}{\376\377\000D\000e\000\040\000L\000i\000v\000e\000r\000a\000,\000\040\000L\000o\000u\000i\000s\000\040\000S\000a\000m\000a\000r\000a\000n\000a\000i\000k\000e\000\040\000T\000e\000n\000n\000e\000k\000o\000o\000n}{part.1}% 26
\BOOKMARK [0][-]{chapter.26}{\376\377\000D\000e\000\040\000A\000l\000w\000i\000s\000,\000\040\000S\000i\000e\000c\000k\000b\000e\000r\000t\000u\000s\000\040\000D\000a\000n\000i\000e\000l}{part.1}% 27
\BOOKMARK [0][-]{chapter.27}{\376\377\000B\000a\000n\000d\000a\000r\000a\000n\000a\000i\000k\000e\000,\000\040\000C\000a\000n\000o\000n\000\040\000S\000a\000m\000u\000e\000l\000\040\000W\000i\000l\000l\000i\000a\000m\000\040\000D\000i\000a\000s}{part.1}% 28
\BOOKMARK [0][-]{chapter.28}{\376\377\000B\000a\000n\000d\000a\000r\000a\000n\000a\000i\000k\000e\000,\000\040\000F\000l\000o\000r\000e\000n\000c\000e\000\040\000D\000i\000a\000s}{part.1}% 29
\BOOKMARK [0][-]{chapter.29}{\376\377\000B\000a\000n\000d\000a\000r\000a\000n\000a\000i\000k\000e\000,\000\040\000A\000b\000r\000a\000h\000a\000m\000\040\000W\000i\000l\000l\000i\000a\000m\000\040\000D\000i\000a\000s}{part.1}% 30
\BOOKMARK [0][-]{chapter.30}{\376\377\000B\000a\000n\000d\000a\000r\000a\000n\000a\000i\000k\000e\000,\000\040\000D\000o\000n\000\040\000A\000b\000r\000a\000h\000a\000m\000\040\000E\000d\000w\000a\000r\000d\000\040\000D\000i\000a\000s}{part.1}% 31
\BOOKMARK [0][-]{chapter.31}{\376\377\000B\000a\000n\000d\000a\000r\000a\000n\000a\000i\000k\000e\000,\000\040\000C\000o\000n\000r\000a\000d\000\040\000P\000e\000t\000r\000u\000s\000\040\000P\000e\000t\000e\000r\000\040\000D\000i\000a\000s\000\040\000W\000i\000j\000e\000w\000a\000r\000d\000e\000n\000a}{part.1}% 32
\BOOKMARK [0][-]{chapter.32}{\376\377\000B\000a\000n\000d\000a\000r\000a\000n\000a\000i\000k\000e\000,\000\040\000J\000o\000h\000a\000n\000n\000a\000\040\000L\000o\000u\000i\000s\000a\000\040\000D\000i\000a\000s}{part.1}% 33
\BOOKMARK [0][-]{chapter.33}{\376\377\000B\000a\000n\000d\000a\000r\000a\000n\000a\000i\000k\000e\000,\000\040\000W\000i\000l\000l\000i\000a\000m\000\040\000A\000l\000e\000x\000a\000n\000d\000e\000r\000\040\000D\000i\000a\000s}{part.1}% 34
\BOOKMARK [0][-]{chapter.34}{\376\377\000B\000a\000n\000d\000a\000r\000a\000n\000a\000i\000k\000e\000,\000\040\000I\000s\000a\000b\000e\000l\000l\000a\000\040\000P\000e\000t\000r\000e\000n\000e\000l\000l\000a\000\040\000D\000i\000a\000s}{part.1}% 35
\BOOKMARK [0][-]{chapter.35}{\376\377\000B\000a\000n\000d\000a\000r\000a\000n\000a\000i\000k\000e\000,\000\040\000R\000o\000s\000e\000m\000o\000n\000d\000\040\000D\000i\000a\000s}{part.1}% 36
\BOOKMARK [0][-]{chapter.36}{\376\377\000B\000a\000n\000d\000a\000r\000a\000n\000a\000i\000k\000e\000,\000\040\000F\000e\000l\000i\000x\000\040\000R\000e\000g\000i\000n\000o\000l\000d\000\040\000D\000i\000a\000s}{part.1}% 37
\BOOKMARK [0][-]{chapter.37}{\376\377\000O\000b\000e\000y\000e\000s\000e\000k\000e\000r\000e\000,\000\040\000J\000a\000m\000e\000s\000\040\000P\000e\000t\000e\000r\000\040\000I}{part.1}% 38
\BOOKMARK [0][-]{chapter.38}{\376\377\000O\000b\000e\000y\000e\000s\000e\000k\000e\000r\000e\000,\000\040\000S\000o\000l\000o\000m\000o\000n\000\040\000C\000h\000r\000i\000s\000t\000o\000f\000f\000e\000l\000l}{part.1}% 39
\BOOKMARK [0][-]{chapter.39}{\376\377\000B\000a\000n\000d\000a\000r\000a\000n\000a\000i\000k\000e\000,\000\040\000C\000h\000a\000r\000l\000o\000t\000t\000e\000\040\000M\000a\000t\000i\000l\000d\000a\000\040\000D\000i\000a\000s}{part.1}% 40
\BOOKMARK [0][-]{chapter.40}{\376\377\000B\000a\000n\000d\000a\000r\000a\000n\000a\000i\000k\000e\000,\000\040\000C\000o\000r\000n\000e\000l\000i\000a\000\040\000H\000e\000n\000r\000i\000e\000t\000t\000a\000\040\000D\000i\000a\000s}{part.1}% 41
\BOOKMARK [0][-]{chapter.41}{\376\377\000B\000a\000n\000d\000a\000r\000a\000n\000a\000i\000k\000e\000,\000\040\000D\000o\000n\000\040\000S\000o\000l\000o\000m\000o\000n\000\040\000D\000i\000a\000s\000\040\000A\000b\000e\000y\000w\000i\000c\000k\000r\000e\000m\000a\000\040\000J\000a\000y\000a\000t\000i\000l\000l\000e\000k\000e\000\040\000S\000e\000n\000e\000w\000i\000r\000a\000t\000n\000a\000\040\000R\000a\000j\000a\000k\000u\000m\000a\000r\000u\000n\000a\000\040\000K\000a\000d\000u\000k\000e\000r\000a\000l\000u}{part.1}% 42
\BOOKMARK [0][-]{chapter.42}{\376\377\000D\000e\000\040\000L\000i\000v\000e\000r\000a\000,\000\040\000J\000a\000m\000e\000s}{part.1}% 43
\BOOKMARK [0][-]{chapter.43}{\376\377\000D\000e\000\040\000L\000i\000v\000e\000r\000a\000,\000\040\000J\000u\000l\000i\000a\000s\000\040\000E\000a\000r\000n\000e\000s\000t}{part.1}% 44
\BOOKMARK [0][-]{chapter.44}{\376\377\000D\000e\000\040\000L\000i\000v\000e\000r\000a\000,\000\040\000J\000a\000n\000e\000\040\000M\000a\000r\000i\000a}{part.1}% 45
\BOOKMARK [0][-]{chapter.45}{\376\377\000D\000e\000\040\000A\000l\000w\000i\000s\000,\000\040\000H\000e\000l\000e\000n\000a\000\040\000E\000l\000i\000z\000a}{part.1}% 46
\BOOKMARK [0][-]{chapter.46}{\376\377\000D\000e\000\040\000A\000l\000w\000i\000s\000,\000\040\000E\000z\000l\000i\000n\000e\000\040\000M\000a\000r\000i\000a}{part.1}% 47
\BOOKMARK [0][-]{chapter.47}{\376\377\000D\000e\000\040\000A\000l\000w\000i\000s\000,\000\040\000A\000n\000n\000i\000e\000\040\000L\000u\000c\000y\000\040\000F\000l\000o\000r\000e\000n\000c\000e}{part.1}% 48
\BOOKMARK [0][-]{chapter.48}{\376\377\000D\000e\000\040\000A\000l\000w\000i\000s\000,\000\040\000F\000l\000o\000r\000e\000n\000c\000e\000\040\000E\000l\000l\000e\000n}{part.1}% 49
\BOOKMARK [0][-]{chapter.49}{\376\377\000B\000a\000n\000d\000a\000r\000a\000n\000a\000i\000k\000e\000,\000\040\000E\000u\000g\000i\000n\000e\000\040\000A\000m\000e\000l\000i\000a\000\040\000D\000i\000a\000s}{part.1}% 50
\BOOKMARK [0][-]{chapter.50}{\376\377\000P\000i\000e\000r\000i\000s\000,\000\040\000P\000a\000u\000l\000\040\000E}{part.1}% 51
\BOOKMARK [0][-]{chapter.51}{\376\377\000O\000b\000e\000y\000e\000s\000e\000k\000e\000r\000e\000,\000\040\000D\000o\000n\000a\000l\000d}{part.1}% 52
\BOOKMARK [0][-]{chapter.52}{\376\377\000O\000b\000e\000y\000e\000s\000e\000k\000e\000r\000e\000,\000\040\000H\000i\000l\000d\000a}{part.1}% 53
\BOOKMARK [0][-]{chapter.53}{\376\377\000O\000b\000e\000y\000e\000s\000e\000k\000e\000r\000e\000,\000\040\000D\000a\000i\000s\000y\000\040\000E\000z\000l\000i\000n\000e}{part.1}% 54
\BOOKMARK [0][-]{chapter.54}{\376\377\000D\000e\000\040\000L\000i\000v\000e\000r\000a\000,\000\040\000G\000o\000d\000w\000i\000n}{part.1}% 55
\BOOKMARK [0][-]{chapter.55}{\376\377\000D\000e\000\040\000L\000i\000v\000e\000r\000a\000,\000\040\000P\000e\000r\000c\000y}{part.1}% 56
\BOOKMARK [0][-]{chapter.56}{\376\377\000D\000e\000\040\000L\000i\000v\000e\000r\000a\000,\000\040\000F\000l\000o\000r\000a}{part.1}% 57
\BOOKMARK [0][-]{chapter.57}{\376\377\000D\000e\000\040\000L\000i\000v\000e\000r\000a\000,\000\040\000D\000o\000n\000\040\000E\000d\000w\000i\000n\000\040\000W\000i\000j\000e\000w\000i\000c\000k\000r\000e\000m\000a\000\040\000S\000e\000n\000e\000w\000i\000r\000a\000t\000n\000e\000\040\000T\000e\000n\000n\000e\000k\000o\000o\000n}{part.1}% 58
\BOOKMARK [0][-]{chapter.58}{\376\377\000W\000o\000o\000d\000h\000o\000u\000s\000e\000,\000\040\000E\000u\000g\000e\000n\000i\000e\000\040\000A\000m\000e\000l\000i\000a}{part.1}% 59
\BOOKMARK [-1][-]{part.2}{\376\377\000I\000I\000\040\000J\000a\000y\000a\000w\000a\000r\000d\000e\000n\000a\000,\000\040\000D\000\040\000A\000\040\000W}{}% 60
\BOOKMARK [0][-]{chapter.59}{\376\377\000J\000a\000y\000a\000w\000a\000r\000d\000e\000n\000a\000,\000\040\000D\000\040\000A\000\040\000W}{part.2}% 61
\BOOKMARK [0][-]{chapter.60}{\376\377\000J\000a\000y\000a\000w\000a\000r\000d\000e\000n\000a\000,\000\040\000B\000u\000l\000a\000t\000h\000g\000e\000\040\000D\000o\000n\000\040\000A\000d\000r\000i\000a\000n\000\040\000S\000e\000n\000i\000o\000r}{part.2}% 62
\BOOKMARK [0][-]{chapter.61}{\376\377\000J\000a\000y\000e\000w\000a\000r\000d\000e\000n\000e\000,\000\040\000D\000o\000n\000\040\000A\000d\000r\000i\000a\000n\000\040\000W\000i\000j\000e\000s\000i\000n\000g\000h\000e}{part.2}% 63
\BOOKMARK [0][-]{chapter.62}{\376\377\000J\000a\000y\000e\000w\000a\000r\000d\000e\000n\000e\000,\000\040\000D\000o\000n\000\040\000A\000b\000r\000a\000h\000a\000m\000\040\000W\000i\000j\000e\000s\000i\000n\000g\000h\000e}{part.2}% 64
\BOOKMARK [0][-]{chapter.63}{\376\377\000J\000a\000y\000e\000w\000a\000r\000d\000e\000n\000e\000,\000\040\000D\000o\000n\000\040\000C\000o\000r\000n\000e\000l\000i\000u\000s\000\040\000W\000i\000j\000e\000s\000i\000n\000g\000h\000e}{part.2}% 65
\BOOKMARK [0][-]{chapter.64}{\376\377\000J\000a\000y\000a\000w\000a\000r\000d\000e\000n\000a\000,\000\040\000A\000d\000r\000i\000a\000n\000\040\000P\000h\000i\000l\000l\000i\000p\000\040\000W\000i\000j\000e\000s\000i\000n\000g\000h\000e}{part.2}% 66
\BOOKMARK [0][-]{chapter.65}{\376\377\000J\000a\000y\000a\000w\000a\000r\000d\000e\000n\000a\000,\000\040\000C\000o\000r\000n\000e\000l\000i\000a\000\040\000W\000i\000j\000e\000s\000i\000n\000g\000h\000e}{part.2}% 67
\BOOKMARK [0][-]{chapter.66}{\376\377\000J\000a\000y\000e\000w\000a\000r\000d\000e\000n\000e\000,\000\040\000J\000a\000m\000e\000s\000\040\000A\000l\000f\000r\000e\000d\000\040\000W\000i\000j\000e\000s\000i\000n\000g\000h\000e}{part.2}% 68
\BOOKMARK [0][-]{chapter.67}{\376\377\000J\000a\000y\000a\000w\000a\000r\000d\000e\000n\000a\000,\000\040\000D\000a\000n\000i\000e\000l\000\040\000W\000i\000j\000e\000s\000i\000n\000g\000h\000e}{part.2}% 69
\BOOKMARK [0][-]{chapter.68}{\376\377\000J\000a\000y\000a\000w\000a\000r\000d\000e\000n\000a\000,\000\040\000L\000i\000z\000z\000i\000e\000\040\000W\000i\000j\000e\000s\000i\000n\000g\000h\000e}{part.2}% 70
\BOOKMARK [0][-]{chapter.69}{\376\377\000J\000a\000y\000a\000w\000a\000r\000d\000e\000n\000a\000,\000\040\000J\000a\000n\000e\000\040\000M\000a\000t\000i\000l\000d\000a\000\040\000E\000l\000d\000e\000s\000t}{part.2}% 71
\BOOKMARK [0][-]{chapter.70}{\376\377\000J\000a\000y\000e\000w\000a\000r\000d\000e\000n\000e\000,\000\040\000E\000u\000g\000e\000n\000e\000\040\000W\000i\000l\000f\000r\000e\000d}{part.2}% 72
\BOOKMARK [0][-]{chapter.71}{\376\377\000J\000a\000y\000a\000w\000a\000r\000d\000e\000n\000a\000,\000\040\000F\000r\000a\000n\000c\000e\000s\000\040\000M\000a\000y}{part.2}% 73
\BOOKMARK [0][-]{chapter.72}{\376\377\000N\000o\000t\000a\000r\000y\000,\000\040\000M\000a\000y\000\040\000J\000a\000y\000e\000w\000a\000r\000d\000e\000n\000e}{part.2}% 74
\BOOKMARK [-1][-]{part.3}{\376\377\000I\000I\000I\000\040\000S\000e\000n\000a\000r\000a\000t\000n\000a\000,\000\040\000J\000u\000s\000t\000i\000n\000\040\000S\000e\000n\000a\000r\000a\000t\000n\000a\000s\000\040\000F\000a\000t\000h\000e\000r}{}% 75
\BOOKMARK [0][-]{chapter.73}{\376\377\000S\000e\000n\000a\000r\000a\000t\000n\000a\000,\000\040\000J\000u\000s\000t\000i\000n\000\040\000S\000e\000n\000a\000r\000a\000t\000n\000a\000s\000\040\000F\000a\000t\000h\000e\000r}{part.3}% 76
\BOOKMARK [0][-]{chapter.74}{\376\377\000S\000e\000n\000a\000r\000a\000t\000n\000a\000,\000\040\000J\000u\000s\000t\000i\000n}{part.3}% 77
\BOOKMARK [0][-]{chapter.75}{\376\377\000S\000e\000n\000a\000r\000a\000t\000n\000a\000,\000\040\000J\000u\000s\000t\000i\000n\000\040\000S\000e\000n\000a\000r\000a\000t\000n\000a\000s\000\040\000S\000i\000s\000t\000e\000r}{part.3}% 78
\BOOKMARK [0][-]{chapter.76}{\376\377\000S\000e\000n\000a\000r\000a\000t\000n\000a\000,\000\040\000D\000o\000n\000\040\000C\000h\000a\000r\000l\000e\000s}{part.3}% 79
\BOOKMARK [0][-]{chapter.77}{\376\377\000S\000e\000n\000a\000r\000a\000t\000n\000a\000,\000\040\000M\000e\000r\000c\000i\000e}{part.3}% 80
\BOOKMARK [0][-]{chapter.78}{\376\377\000S\000e\000n\000a\000r\000a\000t\000n\000a\000,\000\040\000A\000l\000e\000x\000a\000n\000d\000e\000r}{part.3}% 81
\BOOKMARK [0][-]{chapter.79}{\376\377\000S\000e\000n\000a\000r\000a\000t\000n\000a\000,\000\040\000U\000N\000K\000N\000O\000W\000N}{part.3}% 82
\BOOKMARK [0][-]{chapter.80}{\376\377\000L\000i\000y\000a\000n\000a\000g\000e\000,\000\040\000D\000o\000n\000a\000\040\000L\000o\000u\000i\000s\000a}{part.3}% 83
\BOOKMARK [0][-]{chapter.81}{\376\377\000S\000e\000n\000a\000r\000a\000t\000n\000a\000,\000\040\000V\000i\000c\000t\000o\000r\000\040\000A\000l\000e\000x\000a\000n\000d\000e\000r\000\040\000L\000u\000c\000i\000e\000n}{part.3}% 84
\BOOKMARK [-1][-]{part.4}{\376\377\000I\000V\000\040\000W\000i\000k\000r\000a\000m\000a\000n\000a\000y\000a\000k\000e\000,\000\040\000M\000a\000h\000a\000w\000e\000l\000a\000\040\000M\000o\000h\000o\000t\000t\000a\000l\000a}{}% 85
\BOOKMARK [0][-]{chapter.82}{\376\377\000W\000i\000k\000r\000a\000m\000a\000n\000a\000y\000a\000k\000e\000,\000\040\000M\000a\000h\000a\000w\000e\000l\000a\000\040\000M\000o\000h\000o\000t\000t\000a\000l\000a}{part.4}% 86
\BOOKMARK [0][-]{chapter.83}{\376\377\000W\000i\000k\000r\000a\000m\000a\000n\000a\000y\000a\000k\000e\000,\000\040\000M\000a\000h\000a\000w\000e\000l\000e\000\040\000K\000a\000n\000a\000n\000g\000e\000\040\000S\000i\000e\000k\000o\000o}{part.4}% 87
\BOOKMARK [0][-]{chapter.84}{\376\377\000W\000i\000k\000r\000a\000m\000a\000n\000a\000y\000a\000k\000e\000,\000\040\000M\000a\000h\000a\000w\000e\000l\000a\000g\000e\000\040\000M\000a\000n\000i\000k\000o\000e\000\040\000d\000e\000\040\000Z\000i\000e\000l\000v\000a}{part.4}% 88
\BOOKMARK [0][-]{chapter.85}{\376\377\000W\000i\000k\000r\000a\000m\000a\000n\000a\000y\000a\000k\000e\000,\000\040\000M\000a\000h\000a\000w\000e\000l\000a\000g\000e\000\040\000D\000o\000n\000\040\000J\000o\000h\000a\000n\000n\000e\000s\000\040\000d\000e\000\040\000Z\000i\000e\000l\000v\000a}{part.4}% 89
\BOOKMARK [0][-]{chapter.86}{\376\377\000W\000i\000k\000r\000a\000m\000a\000n\000a\000y\000a\000k\000e\000,\000\040\000D\000o\000n\000\040\000L\000o\000u\000i\000s\000\040\000d\000e\000\040\000Z\000i\000e\000l\000v\000a}{part.4}% 90
\BOOKMARK [0][-]{chapter.87}{\376\377\000W\000i\000k\000r\000a\000m\000a\000n\000a\000y\000a\000k\000e\000,\000\040\000D\000o\000n\000\040\000D\000a\000v\000i\000d\000\040\000D\000e\000\040\000Z\000i\000e\000l\000v\000a}{part.4}% 91
\BOOKMARK [0][-]{chapter.88}{\376\377\000W\000i\000k\000r\000a\000m\000a\000n\000a\000y\000a\000k\000e\000,\000\040\000J\000o\000h\000a\000n\000n\000e\000s\000\040\000D\000e\000\040\000Z\000i\000e\000l\000v\000a}{part.4}% 92
\BOOKMARK [0][-]{chapter.89}{\376\377\000W\000i\000k\000r\000a\000m\000a\000n\000a\000y\000a\000k\000e\000,\000\040\000C\000h\000a\000r\000l\000e\000s\000\040\000E\000d\000w\000a\000r\000d}{part.4}% 93
\BOOKMARK [0][-]{chapter.90}{\376\377\000W\000i\000k\000r\000a\000m\000a\000n\000a\000y\000a\000k\000e\000,\000\040\000E\000d\000w\000a\000r\000d\000\040\000B\000e\000a\000u\000c\000h\000a\000m\000p}{part.4}% 94
\BOOKMARK [0][-]{chapter.91}{\376\377\000W\000i\000k\000r\000a\000m\000a\000n\000a\000y\000a\000k\000e\000,\000\040\000V\000i\000n\000c\000e\000n\000t\000\040\000S\000t\000e\000w\000a\000r\000t\000\040\000D\000e\000\040\000S\000i\000l\000v\000a}{part.4}% 95
\BOOKMARK [0][-]{chapter.92}{\376\377\000W\000i\000k\000r\000a\000m\000a\000n\000a\000y\000a\000k\000e\000,\000\040\000C\000h\000a\000r\000c\000l\000e\000s\000\040\000V\000i\000v\000i\000a\000n\000\040\000S\000r}{part.4}% 96
\BOOKMARK [0][-]{chapter.93}{\376\377\000W\000i\000k\000r\000a\000m\000a\000n\000a\000y\000a\000k\000e\000,\000\040\000B\000a\000s\000i\000l\000\040\000H\000u\000g\000h}{part.4}% 97
\BOOKMARK [-1][-]{part.5}{\376\377\000V\000\040\000J\000a\000y\000a\000s\000i\000n\000g\000h\000e\000,\000\040\000D\000o\000n\000a\000\040\000E\000l\000a\000i\000n\000a\000\040\000E\000l\000i\000z\000a\000\040\000J\000o\000h\000a\000n\000a}{}% 98
\BOOKMARK [0][-]{chapter.94}{\376\377\000J\000a\000y\000a\000s\000i\000n\000g\000h\000e\000,\000\040\000D\000o\000n\000a\000\040\000E\000l\000a\000i\000n\000a\000\040\000E\000l\000i\000z\000a\000\040\000J\000o\000h\000a\000n\000a}{part.5}% 99
\BOOKMARK [0][-]{chapter.95}{\376\377\000K\000a\000n\000n\000a\000n\000g\000a\000r\000a\000,\000\040\000D\000o\000n\000a\000\040\000E\000l\000i\000z\000a\000b\000e\000t\000h\000\040\000W\000i\000j\000e\000s\000i\000n\000h\000e}{part.5}% 100
\BOOKMARK [0][-]{chapter.96}{\376\377\000K\000a\000n\000n\000a\000n\000g\000a\000r\000a\000,\000\040\000D\000o\000n\000a\000\040\000P\000a\000v\000i\000s\000t\000h\000i\000n\000a\000\040\000W\000i\000j\000e\000s\000i\000n\000h\000e}{part.5}% 101
\BOOKMARK [0][-]{chapter.97}{\376\377\000K\000a\000n\000n\000a\000n\000g\000a\000r\000a\000,\000\040\000D\000o\000n\000a\000\040\000C\000a\000t\000h\000r\000i\000n\000a\000\040\000M\000e\000r\000a\000y\000a\000\040\000W\000i\000j\000e\000s\000i\000n\000h\000e}{part.5}% 102
\BOOKMARK [0][-]{chapter.98}{\376\377\000R\000a\000t\000n\000a\000y\000a\000k\000e\000,\000\040\000A\000l\000b\000e\000r\000t\000\040\000V\000i\000n\000c\000e\000n\000t\000\040\000S\000e\000r\000a\000s\000i\000n\000g\000h\000e}{part.5}% 103
\BOOKMARK [-1][-]{part.6}{\376\377\000V\000I\000\040\000M\000a\000l\000a\000w\000a\000r\000a\000a\000r\000a\000c\000h\000c\000h\000i\000g\000e\000,\000\040\000D\000o\000n\000\040\000S\000i\000m\000o\000n}{}% 104
\BOOKMARK [0][-]{chapter.99}{\376\377\000M\000a\000l\000a\000w\000a\000r\000a\000a\000r\000a\000c\000h\000c\000h\000i\000g\000e\000,\000\040\000D\000o\000n\000\040\000S\000i\000m\000o\000n}{part.6}% 105
\BOOKMARK [0][-]{chapter.100}{\376\377\000M\000a\000l\000a\000w\000a\000r\000a\000a\000r\000a\000c\000h\000c\000h\000i\000g\000e\000,\000\040\000M\000i\000s\000s}{part.6}% 106
\BOOKMARK [0][-]{chapter.101}{\376\377\000A\000b\000e\000y\000w\000i\000c\000k\000r\000a\000m\000a\000,\000\040\000D\000o\000n\000\040\000S\000a\000m\000u\000e\000l}{part.6}% 107
\BOOKMARK [0][-]{chapter.102}{\376\377\000A\000b\000e\000y\000w\000i\000c\000k\000r\000a\000m\000a\000,\000\040\000D\000o\000n\000\040\000S\000i\000m\000o\000n}{part.6}% 108
\BOOKMARK [0][-]{chapter.103}{\376\377\000A\000b\000e\000y\000w\000i\000c\000k\000r\000a\000m\000a\000,\000\040\000D\000o\000n\000\040\000W\000i\000l\000l\000i\000a\000m\000\040\000S\000a\000g\000a\000l\000a}{part.6}% 109
\BOOKMARK [-1][-]{part.7}{\376\377\000V\000I\000I\000\040\000A\000m\000a\000r\000a\000s\000e\000k\000a\000r\000a\000,\000\040\000S\000u\000r\000i\000a\000r\000a\000c\000h\000c\000h\000i}{}% 110
\BOOKMARK [0][-]{chapter.104}{\376\377\000A\000m\000a\000r\000a\000s\000e\000k\000a\000r\000a\000,\000\040\000S\000u\000r\000i\000a\000r\000a\000c\000h\000c\000h\000i}{part.7}% 111
\BOOKMARK [0][-]{chapter.105}{\376\377\000A\000m\000a\000r\000a\000s\000e\000k\000a\000r\000a\000,\000\040\000A\000.\000\040\000S\000.}{part.7}% 112
\BOOKMARK [-1][-]{part.8}{\376\377\000V\000I\000I\000I\000\040\000A\000m\000b\000a\000g\000a\000h\000a\000w\000i\000t\000a\000,\000\040\000A\000\040\000G\000u\000n\000a\000d\000a\000s\000a}{}% 113
\BOOKMARK [0][-]{chapter.106}{\376\377\000A\000m\000b\000a\000g\000a\000h\000a\000w\000i\000t\000a\000,\000\040\000A\000\040\000G\000u\000n\000a\000d\000a\000s\000a}{part.8}% 114
\BOOKMARK [-1][-]{part.9}{\376\377\000I\000X\000\040\000W\000i\000k\000r\000a\000m\000a\000n\000a\000y\000a\000k\000e\000,\000\040\000C\000h\000r\000i\000s\000t\000o\000p\000h\000e\000r\000\040\000E\000g\000m\000o\000n\000t}{}% 115
\BOOKMARK [0][-]{chapter.107}{\376\377\000W\000i\000k\000r\000a\000m\000a\000n\000a\000y\000a\000k\000e\000,\000\040\000C\000h\000r\000i\000s\000t\000o\000p\000h\000e\000r\000\040\000E\000g\000m\000o\000n\000t}{part.9}% 116
\BOOKMARK [-1][-]{part.10}{\376\377\000X\000\040\000B\000o\000t\000h\000e\000j\000u\000,\000\040\000W\000e\000l\000a\000t\000h\000a\000n\000t\000h\000r\000i\000g\000e\000\040\000C\000h\000a\000r\000l\000e\000s\000\040\000B\000o\000t\000e\000j\000u}{}% 117
\BOOKMARK [0][-]{chapter.108}{\376\377\000B\000o\000t\000h\000e\000j\000u\000,\000\040\000W\000e\000l\000a\000t\000h\000a\000n\000t\000h\000r\000i\000g\000e\000\040\000C\000h\000a\000r\000l\000e\000s\000\040\000B\000o\000t\000e\000j\000u}{part.10}% 118
\BOOKMARK [-1][-]{part.11}{\376\377\000X\000I\000\040\000U\000n\000k\000n\000o\000w\000n\000,\000\040\000M\000o\000t\000h\000e\000r}{}% 119
\BOOKMARK [0][-]{chapter.109}{\376\377\000U\000n\000k\000n\000o\000w\000n\000,\000\040\000M\000o\000t\000h\000e\000r}{part.11}% 120
\BOOKMARK [-1][-]{part.12}{\376\377\000X\000I\000I\000\040\000D\000e\000\040\000Z\000i\000l\000v\000a\000,\000\040\000F\000a\000t\000h\000e\000r}{}% 121
\BOOKMARK [0][-]{chapter.110}{\376\377\000D\000e\000\040\000Z\000i\000l\000v\000a\000,\000\040\000F\000a\000t\000h\000e\000r}{part.12}% 122
\BOOKMARK [-1][-]{part.13}{\376\377\000X\000I\000I\000I\000\040\000C\000a\000b\000r\000a\000a\000l\000,\000\040\000L\000o\000k\000u\000l\000i\000y\000a\000n\000a\000g\000e\000\040\000J\000o\000h\000a\000n\000n\000a}{}% 123
\BOOKMARK [0][-]{chapter.111}{\376\377\000C\000a\000b\000r\000a\000a\000l\000,\000\040\000L\000o\000k\000u\000l\000i\000y\000a\000n\000a\000g\000e\000\040\000J\000o\000h\000a\000n\000n\000a}{part.13}% 124
\BOOKMARK [-1][-]{part.14}{\376\377\000X\000I\000V\000\040\000W\000e\000l\000a\000r\000a\000t\000n\000a\000,\000\040\000F\000a\000t\000h\000e\000r}{}% 125
\BOOKMARK [0][-]{chapter.112}{\376\377\000W\000e\000l\000a\000r\000a\000t\000n\000a\000,\000\040\000F\000a\000t\000h\000e\000r}{part.14}% 126
\BOOKMARK [-1][-]{part.15}{\376\377\000X\000V\000\040\000B\000e\000l\000e\000z\000o\000u\000,\000\040\000A\000t\000h\000a\000n\000a\000s\000i\000a\000\040\000S\000t\000a\000v\000r\000o\000u}{}% 127
\BOOKMARK [0][-]{chapter.113}{\376\377\000B\000e\000l\000e\000z\000o\000u\000,\000\040\000A\000t\000h\000a\000n\000a\000s\000i\000a\000\040\000S\000t\000a\000v\000r\000o\000u}{part.15}% 128
\BOOKMARK [-1][-]{part.16}{\376\377\000X\000V\000I\000\040\000M\000u\000n\000a\000s\000i\000n\000g\000h\000e\000,\000\040\000G\000r\000a\000n\000d\000f\000a\000t\000h\000e\000r}{}% 129
\BOOKMARK [0][-]{chapter.114}{\376\377\000M\000u\000n\000a\000s\000i\000n\000g\000h\000e\000,\000\040\000G\000r\000a\000n\000d\000f\000a\000t\000h\000e\000r}{part.16}% 130
\BOOKMARK [-1][-]{part.17}{\376\377\000X\000V\000I\000I\000\040\000E\000k\000a\000n\000a\000y\000a\000k\000e\000,\000\040\000F\000a\000t\000h\000e\000r}{}% 131
\BOOKMARK [0][-]{chapter.115}{\376\377\000E\000k\000a\000n\000a\000y\000a\000k\000e\000,\000\040\000F\000a\000t\000h\000e\000r}{part.17}% 132
\BOOKMARK [-1][-]{part.18}{\376\377\000X\000V\000I\000I\000I\000\040\000W\000e\000e\000r\000a\000k\000o\000o\000n\000,\000\040\000B\000\040\000A}{}% 133
\BOOKMARK [0][-]{chapter.116}{\376\377\000W\000e\000e\000r\000a\000k\000o\000o\000n\000,\000\040\000B\000\040\000A}{part.18}% 134
\BOOKMARK [-1][-]{part.19}{\376\377\000X\000I\000X\000\040\000D\000e\000g\000a\000m\000b\000o\000d\000a\000,\000\040\000U\000N\000K\000N\000O\000W\000N}{}% 135
\BOOKMARK [0][-]{chapter.117}{\376\377\000D\000e\000g\000a\000m\000b\000o\000d\000a\000,\000\040\000U\000N\000K\000N\000O\000W\000N}{part.19}% 136
\BOOKMARK [-1][-]{part.20}{\376\377\000X\000X\000\040\000A\000t\000a\000p\000a\000t\000t\000u\000,\000\040\000D\000u\000d\000l\000e\000y}{}% 137
\BOOKMARK [0][-]{chapter.118}{\376\377\000A\000t\000a\000p\000a\000t\000t\000u\000,\000\040\000D\000u\000d\000l\000e\000y}{part.20}% 138
\BOOKMARK [-1][-]{part.21}{\376\377\000X\000X\000I\000\040\000W\000i\000k\000r\000a\000m\000a\000n\000a\000y\000a\000k\000e\000,\000\040\000C\000e\000c\000i\000l\000\040\000L\000i\000o\000n\000e\000l}{}% 139
\BOOKMARK [0][-]{chapter.119}{\376\377\000W\000i\000k\000r\000a\000m\000a\000n\000a\000y\000a\000k\000e\000,\000\040\000C\000e\000c\000i\000l\000\040\000L\000i\000o\000n\000e\000l}{part.21}% 140
\BOOKMARK [-1][-]{part.22}{\376\377\000X\000X\000I\000I\000\040\000W\000i\000k\000r\000a\000m\000a\000n\000a\000y\000a\000k\000e\000,\000\040\000I\000n\000a}{}% 141
\BOOKMARK [0][-]{chapter.120}{\376\377\000W\000i\000k\000r\000a\000m\000a\000n\000a\000y\000a\000k\000e\000,\000\040\000I\000n\000a}{part.22}% 142
\BOOKMARK [-1][-]{part.23}{\376\377\000X\000X\000I\000I\000I\000\040\000P\000a\000n\000d\000i\000t\000h\000a\000r\000a\000t\000n\000a\000,\000\040\000W\000i\000l\000l\000i\000a\000m}{}% 143
\BOOKMARK [0][-]{chapter.121}{\376\377\000P\000a\000n\000d\000i\000t\000h\000a\000r\000a\000t\000n\000a\000,\000\040\000W\000i\000l\000l\000i\000a\000m}{part.23}% 144
\BOOKMARK [-1][-]{part.24}{\376\377\000X\000X\000I\000V\000\040\000J\000a\000y\000a\000s\000i\000n\000g\000h\000e\000,\000\040\000D\000o\000n\000\040\000E\000l\000i\000y\000a\000s\000\040\000A\000m\000a\000r\000a\000s\000i\000r\000i\000\040\000S\000e\000e\000n\000i\000\040\000M\000u\000d\000i\000y\000a\000n\000s\000e}{}% 145
\BOOKMARK [0][-]{chapter.122}{\376\377\000J\000a\000y\000a\000s\000i\000n\000g\000h\000e\000,\000\040\000D\000o\000n\000\040\000E\000l\000i\000y\000a\000s\000\040\000A\000m\000a\000r\000a\000s\000i\000r\000i\000\040\000S\000e\000e\000n\000i\000\040\000M\000u\000d\000i\000y\000a\000n\000s\000e}{part.24}% 146
\BOOKMARK [-1][-]{part.25}{\376\377\000X\000X\000V\000\040\000K\000e\000p\000p\000i\000t\000i\000w\000a\000l\000a\000n\000a\000,\000\040\000E\000d\000w\000a\000r\000d}{}% 147
\BOOKMARK [0][-]{chapter.123}{\376\377\000K\000e\000p\000p\000i\000t\000i\000w\000a\000l\000a\000n\000a\000,\000\040\000E\000d\000w\000a\000r\000d}{part.25}% 148
\BOOKMARK [-1][-]{part.26}{\376\377\000X\000X\000V\000I\000\040\000C\000o\000o\000k\000e\000,\000\040\000L\000a\000n\000c\000e\000l\000o\000t\000\040\000D\000a\000r\000w\000i\000n}{}% 149
\BOOKMARK [0][-]{chapter.124}{\376\377\000C\000o\000o\000k\000e\000,\000\040\000L\000a\000n\000c\000e\000l\000o\000t\000\040\000D\000a\000r\000w\000i\000n}{part.26}% 150
\BOOKMARK [-1][-]{part.27}{\376\377\000X\000X\000V\000I\000I\000\040\000A\000l\000a\000g\000o\000d\000a\000,\000\040\000U\000N\000K\000N\000O\000W\000N}{}% 151
\BOOKMARK [0][-]{chapter.125}{\376\377\000A\000l\000a\000g\000o\000d\000a\000,\000\040\000U\000N\000K\000N\000O\000W\000N}{part.27}% 152
\BOOKMARK [-1][-]{part.28}{\376\377\000X\000X\000V\000I\000I\000I\000\040\000B\000a\000n\000d\000a\000r\000a\000t\000h\000i\000l\000e\000k\000e\000,\000\040\000F\000a\000t\000h\000e\000r}{}% 153
\BOOKMARK [0][-]{chapter.126}{\376\377\000B\000a\000n\000d\000a\000r\000a\000t\000h\000i\000l\000e\000k\000e\000,\000\040\000F\000a\000t\000h\000e\000r}{part.28}% 154
\BOOKMARK [-1][-]{part.29}{\376\377\000X\000X\000I\000X\000\040\000E\000k\000a\000n\000a\000i\000k\000e\000,\000\040\000S\000\040\000D}{}% 155
\BOOKMARK [0][-]{chapter.127}{\376\377\000E\000k\000a\000n\000a\000i\000k\000e\000,\000\040\000S\000\040\000D}{part.29}% 156
\BOOKMARK [-1][-]{part.30}{\376\377\000X\000X\000X\000\040\000P\000e\000r\000e\000r\000a\000,\000\040\000M\000\040\000A\000\040\000S\000t\000a\000n\000l\000e\000y}{}% 157
\BOOKMARK [0][-]{chapter.128}{\376\377\000P\000e\000r\000e\000r\000a\000,\000\040\000M\000\040\000A\000\040\000S\000t\000a\000n\000l\000e\000y}{part.30}% 158
\BOOKMARK [-1][-]{part.31}{\376\377\000X\000X\000X\000I\000\040\000J\000a\000y\000a\000w\000e\000e\000r\000a\000,\000\040\000R\000o\000b\000e\000r\000t}{}% 159
\BOOKMARK [0][-]{chapter.129}{\376\377\000J\000a\000y\000a\000w\000e\000e\000r\000a\000,\000\040\000R\000o\000b\000e\000r\000t}{part.31}% 160
\BOOKMARK [-1][-]{part.32}{\376\377\000X\000X\000X\000I\000I\000\040\000H\000i\000n\000d\000u\000r\000a\000n\000g\000a\000l\000a\000,\000\040\000D\000\040\000W}{}% 161
\BOOKMARK [0][-]{chapter.130}{\376\377\000H\000i\000n\000d\000u\000r\000a\000n\000g\000a\000l\000a\000,\000\040\000D\000\040\000W}{part.32}% 162
\BOOKMARK [-1][-]{part.33}{\376\377\000X\000X\000X\000I\000I\000I\000\040\000S\000e\000n\000a\000n\000a\000y\000a\000k\000e\000,\000\040\000D\000o\000n\000\040\000B\000a\000r\000t\000h\000o\000l\000o\000m\000e\000w\000s}{}% 163
\BOOKMARK [0][-]{chapter.131}{\376\377\000S\000e\000n\000a\000n\000a\000y\000a\000k\000e\000,\000\040\000D\000o\000n\000\040\000B\000a\000r\000t\000h\000o\000l\000o\000m\000e\000w\000s}{part.33}% 164
\BOOKMARK [-1][-]{part.34}{\376\377\000X\000X\000X\000I\000V\000\040\000W\000i\000j\000e\000s\000i\000n\000g\000h\000e\000,\000\040\000M\000u\000d\000l\000i\000y\000a\000r}{}% 165
\BOOKMARK [0][-]{chapter.132}{\376\377\000W\000i\000j\000e\000s\000i\000n\000g\000h\000e\000,\000\040\000M\000u\000d\000l\000i\000y\000a\000r}{part.34}% 166
\BOOKMARK [-1][-]{part.35}{\376\377\000X\000X\000X\000V\000\040\000W\000i\000c\000k\000r\000e\000m\000a\000s\000i\000n\000g\000h\000e\000,\000\040\000U\000n\000k\000n\000o\000w\000n\000\040\000W\000i\000c\000k\000r\000e\000m\000a\000s\000i\000n\000g\000h\000e}{}% 167
\BOOKMARK [0][-]{chapter.133}{\376\377\000W\000i\000c\000k\000r\000e\000m\000a\000s\000i\000n\000g\000h\000e\000,\000\040\000U\000n\000k\000n\000o\000w\000n\000\040\000W\000i\000c\000k\000r\000e\000m\000a\000s\000i\000n\000g\000h\000e}{part.35}% 168
\BOOKMARK [-1][-]{part.36}{\376\377\000X\000X\000X\000V\000I\000\040\000H\000e\000p\000p\000o\000n\000s\000t\000a\000l\000l\000,\000\040\000G\000e\000o\000r\000g\000e}{}% 169
\BOOKMARK [0][-]{chapter.134}{\376\377\000H\000e\000p\000p\000o\000n\000s\000t\000a\000l\000l\000,\000\040\000G\000e\000o\000r\000g\000e}{part.36}% 170
\BOOKMARK [-1][-]{part.37}{\376\377\000X\000X\000X\000V\000I\000I\000\040\000M\000u\000n\000a\000s\000i\000n\000g\000h\000e\000,\000\040\000M\000r}{}% 171
\BOOKMARK [0][-]{chapter.135}{\376\377\000M\000u\000n\000a\000s\000i\000n\000g\000h\000e\000,\000\040\000M\000r}{part.37}% 172
\BOOKMARK [-1][-]{part.38}{\376\377\000X\000X\000X\000V\000I\000I\000I\000\040\000U\000n\000k\000n\000o\000w\000n\000,\000\040\000C\000h\000r\000i\000s\000t\000o\000b\000e\000l}{}% 173
\BOOKMARK [0][-]{chapter.136}{\376\377\000U\000n\000k\000n\000o\000w\000n\000,\000\040\000C\000h\000r\000i\000s\000t\000o\000b\000e\000l}{part.38}% 174
\BOOKMARK [-1][-]{part.39}{\376\377\000X\000X\000X\000I\000X\000\040\000W\000e\000e\000r\000a\000k\000o\000n\000e\000,\000\040\000F\000a\000t\000h\000e\000r}{}% 175
\BOOKMARK [0][-]{chapter.137}{\376\377\000W\000e\000e\000r\000a\000k\000o\000n\000e\000,\000\040\000F\000a\000t\000h\000e\000r}{part.39}% 176
\BOOKMARK [-1][-]{part.40}{\376\377\000X\000L\000\040\000D\000e\000\040\000S\000a\000r\000a\000m\000,\000\040\000D\000o\000m\000i\000n\000g\000o}{}% 177
\BOOKMARK [0][-]{chapter.138}{\376\377\000D\000e\000\040\000S\000a\000r\000a\000m\000,\000\040\000D\000o\000m\000i\000n\000g\000o}{part.40}% 178
\BOOKMARK [-1][-]{part.41}{\376\377\000X\000L\000I\000\040\000T\000i\000l\000l\000e\000k\000e\000r\000a\000t\000n\000e\000,\000\040\000U\000N\000K\000N\000O\000W\000N}{}% 179
\BOOKMARK [0][-]{chapter.139}{\376\377\000T\000i\000l\000l\000e\000k\000e\000r\000a\000t\000n\000e\000,\000\040\000U\000N\000K\000N\000O\000W\000N}{part.41}% 180
\BOOKMARK [-1][-]{part.42}{\376\377\000X\000L\000I\000I\000\040\000W\000j\000e\000s\000i\000n\000g\000h\000e\000,\000\040\000D\000\040\000F}{}% 181
\BOOKMARK [0][-]{chapter.140}{\376\377\000W\000j\000e\000s\000i\000n\000g\000h\000e\000,\000\040\000D\000\040\000F}{part.42}% 182
\BOOKMARK [-1][-]{part.43}{\376\377\000X\000L\000I\000I\000I\000\040\000S\000a\000m\000a\000r\000a\000s\000i\000n\000g\000h\000e\000,\000\040\000C\000h\000a\000r\000l\000e\000s\000\040\000D\000e\000\040\000A\000l\000w\000i\000s}{}% 183
\BOOKMARK [0][-]{chapter.141}{\376\377\000S\000a\000m\000a\000r\000a\000s\000i\000n\000g\000h\000e\000,\000\040\000C\000h\000a\000r\000l\000e\000s\000\040\000D\000e\000\040\000A\000l\000w\000i\000s}{part.43}% 184
\BOOKMARK [-1][-]{part.44}{\376\377\000X\000L\000I\000V\000\040\000T\000i\000l\000l\000e\000k\000e\000r\000a\000t\000n\000e\000,\000\040\000F\000a\000t\000h\000e\000r}{}% 185
\BOOKMARK [0][-]{chapter.142}{\376\377\000T\000i\000l\000l\000e\000k\000e\000r\000a\000t\000n\000e\000,\000\040\000F\000a\000t\000h\000e\000r}{part.44}% 186
\BOOKMARK [-1][-]{part.45}{\376\377\000X\000L\000V\000\040\000W\000i\000j\000e\000r\000a\000t\000n\000e\000,\000\040\000A\000r\000t\000h\000u\000r}{}% 187
\BOOKMARK [0][-]{chapter.143}{\376\377\000W\000i\000j\000e\000r\000a\000t\000n\000e\000,\000\040\000A\000r\000t\000h\000u\000r}{part.45}% 188
\BOOKMARK [-1][-]{part.46}{\376\377\000X\000L\000V\000I\000\040\000R\000a\000t\000n\000a\000y\000a\000k\000e\000,\000\040\000I\000n\000d\000r\000a\000\040\000T\000\040\000B\000\040\000R\000a\000t\000n\000a\000y\000a\000k\000e}{}% 189
\BOOKMARK [0][-]{chapter.144}{\376\377\000R\000a\000t\000n\000a\000y\000a\000k\000e\000,\000\040\000I\000n\000d\000r\000a\000\040\000T\000\040\000B\000\040\000R\000a\000t\000n\000a\000y\000a\000k\000e}{part.46}% 190
\BOOKMARK [-1][-]{part.47}{\376\377\000X\000L\000V\000I\000I\000\040\000A\000m\000a\000r\000a\000s\000e\000n\000a\000,\000\040\000G\000a\000l\000l\000a\000g\000e}{}% 191
\BOOKMARK [0][-]{chapter.145}{\376\377\000A\000m\000a\000r\000a\000s\000e\000n\000a\000,\000\040\000G\000a\000l\000l\000a\000g\000e}{part.47}% 192
\BOOKMARK [-1][-]{part.48}{\376\377\000X\000L\000V\000I\000I\000I\000\040\000C\000o\000r\000e\000a\000,\000\040\000A\000s\000h\000e\000l\000e\000y}{}% 193
\BOOKMARK [0][-]{chapter.146}{\376\377\000C\000o\000r\000e\000a\000,\000\040\000A\000s\000h\000e\000l\000e\000y}{part.48}% 194
\BOOKMARK [-1][-]{part.49}{\376\377\000X\000L\000I\000X\000\040\000D\000e\000\040\000S\000i\000l\000v\000a\000,\000\040\000M\000u\000d\000l\000i\000y\000a\000r}{}% 195
\BOOKMARK [0][-]{chapter.147}{\376\377\000D\000e\000\040\000S\000i\000l\000v\000a\000,\000\040\000M\000u\000d\000l\000i\000y\000a\000r}{part.49}% 196
\BOOKMARK [-1][-]{part.50}{\376\377\000L\000\040\000G\000u\000n\000a\000w\000a\000r\000d\000e\000n\000a\000,\000\040\000C\000h\000a\000r\000l\000e\000s\000\040\000P\000e\000r\000e\000r\000a}{}% 197
\BOOKMARK [0][-]{chapter.148}{\376\377\000G\000u\000n\000a\000w\000a\000r\000d\000e\000n\000a\000,\000\040\000C\000h\000a\000r\000l\000e\000s\000\040\000P\000e\000r\000e\000r\000a}{part.50}% 198
\BOOKMARK [-1][-]{part.51}{\376\377\000L\000I\000\040\000G\000u\000n\000a\000w\000a\000r\000d\000e\000n\000a\000,\000\040\000O\000l\000s\000e\000n}{}% 199
\BOOKMARK [0][-]{chapter.149}{\376\377\000G\000u\000n\000a\000w\000a\000r\000d\000e\000n\000a\000,\000\040\000O\000l\000s\000e\000n}{part.51}% 200
\BOOKMARK [-1][-]{part.52}{\376\377\000L\000I\000I\000\040\000J\000a\000y\000a\000s\000i\000n\000g\000h\000e\000,\000\040\000A\000\040\000D}{}% 201
\BOOKMARK [0][-]{chapter.150}{\376\377\000J\000a\000y\000a\000s\000i\000n\000g\000h\000e\000,\000\040\000A\000\040\000D}{part.52}% 202
\BOOKMARK [-1][-]{part.53}{\376\377\000L\000I\000I\000I\000\040\000J\000a\000y\000a\000t\000i\000l\000a\000k\000a\000,\000\040\000S\000a\000n\000a\000t\000h}{}% 203
\BOOKMARK [0][-]{chapter.151}{\376\377\000J\000a\000y\000a\000t\000i\000l\000a\000k\000a\000,\000\040\000S\000a\000n\000a\000t\000h}{part.53}% 204
\BOOKMARK [-1][-]{part.54}{\376\377\000L\000I\000V\000\040\000K\000a\000l\000a\000m\000v\000o\000k\000a\000s\000,\000\040\000C\000o\000n\000s\000t\000a\000n\000t\000i\000n\000o\000s\000\040\000A\000t\000h\000a\000n\000a\000s\000i\000o\000s}{}% 205
\BOOKMARK [0][-]{chapter.152}{\376\377\000K\000a\000l\000a\000m\000v\000o\000k\000a\000s\000,\000\040\000C\000o\000n\000s\000t\000a\000n\000t\000i\000n\000o\000s\000\040\000A\000t\000h\000a\000n\000a\000s\000i\000o\000s}{part.54}% 206
\BOOKMARK [-1][-]{part.55}{\376\377\000L\000V\000\040\000R\000a\000m\000a\000n\000a\000y\000a\000k\000e\000,\000\040\000R\000e\000v}{}% 207
\BOOKMARK [0][-]{chapter.153}{\376\377\000R\000a\000m\000a\000n\000a\000y\000a\000k\000e\000,\000\040\000R\000e\000v}{part.55}% 208
\BOOKMARK [-1][-]{part.56}{\376\377\000L\000V\000I\000\040\000S\000e\000n\000e\000v\000i\000r\000a\000t\000n\000e\000,\000\040\000M\000u\000d\000l\000i\000y\000a\000r}{}% 209
\BOOKMARK [0][-]{chapter.154}{\376\377\000S\000e\000n\000e\000v\000i\000r\000a\000t\000n\000e\000,\000\040\000M\000u\000d\000l\000i\000y\000a\000r}{part.56}% 210
\BOOKMARK [-1][-]{part.57}{\376\377\000L\000V\000I\000I\000\040\000W\000i\000j\000e\000s\000i\000n\000g\000h\000e\000,\000\040\000M\000u\000d\000\040\000J\000o\000s\000e\000p\000h}{}% 211
\BOOKMARK [0][-]{chapter.155}{\376\377\000W\000i\000j\000e\000s\000i\000n\000g\000h\000e\000,\000\040\000M\000u\000d\000\040\000J\000o\000s\000e\000p\000h}{part.57}% 212
\BOOKMARK [-1][-]{part.58}{\376\377\000L\000V\000I\000I\000I\000\040\000D\000a\000s\000s\000e\000n\000a\000i\000k\000e\000,\000\040\000H\000e\000n\000r\000i\000c\000u\000s\000\040\000L\000o\000u\000i\000s}{}% 213
\BOOKMARK [0][-]{chapter.156}{\376\377\000D\000a\000s\000s\000e\000n\000a\000i\000k\000e\000,\000\040\000H\000e\000n\000r\000i\000c\000u\000s\000\040\000L\000o\000u\000i\000s}{part.58}% 214
\BOOKMARK [-1][-]{part.59}{\376\377\000L\000I\000X\000\040\000W\000i\000c\000k\000r\000e\000m\000a\000s\000i\000n\000g\000h\000e\000,\000\040\000S\000h\000a\000n}{}% 215
\BOOKMARK [0][-]{chapter.157}{\376\377\000W\000i\000c\000k\000r\000e\000m\000a\000s\000i\000n\000g\000h\000e\000,\000\040\000S\000h\000a\000n}{part.59}% 216
\BOOKMARK [-1][-]{part.60}{\376\377\000L\000X\000\040\000S\000a\000m\000a\000r\000a\000k\000o\000o\000n\000,\000\040\000S\000i\000m\000o\000n}{}% 217
\BOOKMARK [0][-]{chapter.158}{\376\377\000S\000a\000m\000a\000r\000a\000k\000o\000o\000n\000,\000\040\000S\000i\000m\000o\000n}{part.60}% 218
\BOOKMARK [-1][-]{part.61}{\376\377\000L\000X\000I\000\040\000P\000a\000n\000d\000i\000t\000h\000a\000r\000a\000t\000n\000e\000,\000\040\000P\000h\000i\000l\000l\000i\000p\000\040\000P\000h\000i\000l\000i\000p\000s\000z\000\040\000W\000i\000j\000e\000k\000o\000o\000n}{}% 219
\BOOKMARK [0][-]{chapter.159}{\376\377\000P\000a\000n\000d\000i\000t\000h\000a\000r\000a\000t\000n\000e\000,\000\040\000P\000h\000i\000l\000l\000i\000p\000\040\000P\000h\000i\000l\000i\000p\000s\000z\000\040\000W\000i\000j\000e\000k\000o\000o\000n}{part.61}% 220
\BOOKMARK [-1][-]{part.62}{\376\377\000L\000X\000I\000I\000\040\000A\000b\000e\000y\000s\000i\000n\000g\000h\000e\000,\000\040\000N\000i\000c\000h\000o\000l\000a\000s\000\040\000D\000i\000a\000s}{}% 221
\BOOKMARK [0][-]{chapter.160}{\376\377\000A\000b\000e\000y\000s\000i\000n\000g\000h\000e\000,\000\040\000N\000i\000c\000h\000o\000l\000a\000s\000\040\000D\000i\000a\000s}{part.62}% 222
\BOOKMARK [-1][-]{part.63}{\376\377\000L\000X\000I\000I\000I\000\040\000I\000l\000l\000a\000n\000g\000a\000k\000o\000o\000n\000,\000\040\000M\000u\000d\000a\000l\000i\000y\000a\000r\000\040\000J\000\040\000V}{}% 223
\BOOKMARK [0][-]{chapter.161}{\376\377\000I\000l\000l\000a\000n\000g\000a\000k\000o\000o\000n\000,\000\040\000M\000u\000d\000a\000l\000i\000y\000a\000r\000\040\000J\000\040\000V}{part.63}% 224
\BOOKMARK [-1][-]{part.64}{\376\377\000L\000X\000I\000V\000\040\000P\000e\000r\000e\000r\000a\000,\000\040\000J\000o\000h\000n\000\040\000H\000a\000r\000r\000y}{}% 225
\BOOKMARK [0][-]{chapter.162}{\376\377\000P\000e\000r\000e\000r\000a\000,\000\040\000J\000o\000h\000n\000\040\000H\000a\000r\000r\000y}{part.64}% 226
\BOOKMARK [-1][-]{part.65}{\376\377\000L\000X\000V\000\040\000P\000i\000e\000r\000i\000s\000,\000\040\000J\000M\000P}{}% 227
\BOOKMARK [0][-]{chapter.163}{\376\377\000P\000i\000e\000r\000i\000s\000,\000\040\000J\000M\000P}{part.65}% 228
\BOOKMARK [-1][-]{part.66}{\376\377\000L\000X\000V\000I\000\040\000K\000e\000p\000p\000e\000t\000i\000p\000o\000l\000a\000,\000\040\000R\000a\000t\000e\000\040\000M\000a\000h\000a\000t\000m\000a\000y\000a}{}% 229
\BOOKMARK [0][-]{chapter.164}{\376\377\000K\000e\000p\000p\000e\000t\000i\000p\000o\000l\000a\000,\000\040\000R\000a\000t\000e\000\040\000M\000a\000h\000a\000t\000m\000a\000y\000a}{part.66}% 230
\BOOKMARK [-1][-]{part.67}{\376\377\000L\000X\000V\000I\000I\000\040\000E\000k\000a\000n\000a\000y\000a\000k\000e\000,\000\040\000M\000a\000h\000a\000\040\000M\000u\000d\000a\000l\000i\000y\000a\000r}{}% 231
\BOOKMARK [0][-]{chapter.165}{\376\377\000E\000k\000a\000n\000a\000y\000a\000k\000e\000,\000\040\000M\000a\000h\000a\000\040\000M\000u\000d\000a\000l\000i\000y\000a\000r}{part.67}% 232
\BOOKMARK [-1][-]{part.68}{\376\377\000L\000X\000V\000I\000I\000I\000\040\000A\000b\000e\000y\000s\000i\000n\000g\000h\000e\000,\000\040\000A\000b\000r\000a\000h\000a\000m\000\040\000D\000i\000a\000s}{}% 233
\BOOKMARK [0][-]{chapter.166}{\376\377\000A\000b\000e\000y\000s\000i\000n\000g\000h\000e\000,\000\040\000A\000b\000r\000a\000h\000a\000m\000\040\000D\000i\000a\000s}{part.68}% 234
\BOOKMARK [-1][-]{part.69}{\376\377\000L\000X\000I\000X\000\040\000E\000k\000a\000n\000a\000y\000a\000k\000e\000,\000\040\000P\000e\000r\000e\000r\000a\000\040\000E\000k\000a\000n\000a\000y\000a\000k\000e}{}% 235
\BOOKMARK [0][-]{chapter.167}{\376\377\000E\000k\000a\000n\000a\000y\000a\000k\000e\000,\000\040\000P\000e\000r\000e\000r\000a\000\040\000E\000k\000a\000n\000a\000y\000a\000k\000e}{part.69}% 236
\BOOKMARK [-1][-]{part.70}{\376\377\000L\000X\000X\000\040\000I\000l\000l\000a\000n\000g\000a\000k\000o\000o\000n\000,\000\040\000D\000o\000n\000\040\000D\000a\000v\000i\000d\000\040\000I\000l\000l\000a\000n\000g\000a\000k\000o\000o\000n}{}% 237
\BOOKMARK [0][-]{chapter.168}{\376\377\000I\000l\000l\000a\000n\000g\000a\000k\000o\000o\000n\000,\000\040\000D\000o\000n\000\040\000D\000a\000v\000i\000d\000\040\000I\000l\000l\000a\000n\000g\000a\000k\000o\000o\000n}{part.70}% 238
\BOOKMARK [-1][-]{part.71}{\376\377\000L\000X\000X\000I\000\040\000P\000e\000r\000e\000r\000a\000,\000\040\000E\000r\000i\000c}{}% 239
\BOOKMARK [0][-]{chapter.169}{\376\377\000P\000e\000r\000e\000r\000a\000,\000\040\000E\000r\000i\000c}{part.71}% 240
\BOOKMARK [-1][-]{part.72}{\376\377\000L\000X\000X\000I\000I\000\040\000C\000h\000a\000n\000m\000u\000g\000a\000m\000,\000\040\000E\000d\000g\000a\000r\000\040\000J\000e\000y\000o\000m\000a\000n\000i\000e\000\040\000C\000h\000a\000n\000m\000u\000g\000a\000m}{}% 241
\BOOKMARK [0][-]{chapter.170}{\376\377\000C\000h\000a\000n\000m\000u\000g\000a\000m\000,\000\040\000E\000d\000g\000a\000r\000\040\000J\000e\000y\000o\000m\000a\000n\000i\000e\000\040\000C\000h\000a\000n\000m\000u\000g\000a\000m}{part.72}% 242
\BOOKMARK [-1][-]{part.73}{\376\377\000L\000X\000X\000I\000I\000I\000\040\000D\000i\000a\000s\000,\000\040\000R\000e\000v}{}% 243
\BOOKMARK [0][-]{chapter.171}{\376\377\000D\000i\000a\000s\000,\000\040\000R\000e\000v}{part.73}% 244
\BOOKMARK [-1][-]{part.74}{\376\377\000L\000X\000X\000I\000V\000\040\000G\000o\000r\000d\000o\000n\000,\000\040\000D\000o\000u\000g\000l\000a\000s\000\040\000C\000l\000a\000u\000d\000e\000\040\000A\000l\000e\000x\000a\000n\000d\000e\000r\000\040\000G\000o\000r\000d\000o\000n}{}% 245
\BOOKMARK [0][-]{chapter.172}{\376\377\000G\000o\000r\000d\000o\000n\000,\000\040\000D\000o\000u\000g\000l\000a\000s\000\040\000C\000l\000a\000u\000d\000e\000\040\000A\000l\000e\000x\000a\000n\000d\000e\000r\000\040\000G\000o\000r\000d\000o\000n}{part.74}% 246
\BOOKMARK [-1][-]{part.75}{\376\377\000L\000X\000X\000V\000\040\000A\000b\000e\000y\000s\000i\000r\000i\000w\000a\000r\000d\000e\000n\000a\000,\000\040\000D\000o\000n\000\040\000S\000i\000m\000o\000n\000\040\000T\000i\000l\000l\000e\000k\000e\000r\000a\000t\000n\000e}{}% 247
\BOOKMARK [0][-]{chapter.173}{\376\377\000A\000b\000e\000y\000s\000i\000r\000i\000w\000a\000r\000d\000e\000n\000a\000,\000\040\000D\000o\000n\000\040\000S\000i\000m\000o\000n\000\040\000T\000i\000l\000l\000e\000k\000e\000r\000a\000t\000n\000e}{part.75}% 248
\BOOKMARK [-1][-]{part.76}{\376\377\000L\000X\000X\000V\000I\000\040\000S\000a\000m\000a\000r\000a\000s\000i\000n\000g\000h\000e\000,\000\040\000D\000a\000v\000i\000d\000\040\000A}{}% 249
\BOOKMARK [0][-]{chapter.174}{\376\377\000S\000a\000m\000a\000r\000a\000s\000i\000n\000g\000h\000e\000,\000\040\000D\000a\000v\000i\000d\000\040\000A}{part.76}% 250
\BOOKMARK [-1][-]{part.77}{\376\377\000L\000X\000X\000V\000I\000I\000\040\000G\000o\000o\000n\000e\000w\000a\000r\000d\000e\000n\000e\000,\000\040\000R\000e\000g\000i\000n\000a\000l\000d\000\040\000J\000o\000s\000e\000p\000h\000\040\000A\000b\000r\000a\000h\000a\000m}{}% 251
\BOOKMARK [0][-]{chapter.175}{\376\377\000G\000o\000o\000n\000e\000w\000a\000r\000d\000e\000n\000e\000,\000\040\000R\000e\000g\000i\000n\000a\000l\000d\000\040\000J\000o\000s\000e\000p\000h\000\040\000A\000b\000r\000a\000h\000a\000m}{part.77}% 252
\BOOKMARK [-1][-]{part.78}{\376\377\000L\000X\000X\000V\000I\000I\000I\000\040\000B\000o\000g\000a\000l\000l\000a\000g\000a\000m\000a\000,\000\040\000C\000h\000a\000n\000d\000r\000a\000s\000e\000k\000e\000r\000a\000\040\000M\000a\000l\000a\000l\000a\000\040\000B\000a\000n\000d\000a}{}% 253
\BOOKMARK [0][-]{chapter.176}{\376\377\000B\000o\000g\000a\000l\000l\000a\000g\000a\000m\000a\000,\000\040\000C\000h\000a\000n\000d\000r\000a\000s\000e\000k\000e\000r\000a\000\040\000M\000a\000l\000a\000l\000a\000\040\000B\000a\000n\000d\000a}{part.78}% 254
\BOOKMARK [-1][-]{part.79}{\376\377\000L\000X\000X\000I\000X\000\040\000C\000o\000r\000e\000a\000,\000\040\000C\000h\000a\000r\000l\000e\000s\000\040\000E\000d\000w\000a\000r\000d\000\040\000B\000a\000n\000d\000a\000r\000a\000n\000a\000i\000k\000e}{}% 255
\BOOKMARK [0][-]{chapter.177}{\376\377\000C\000o\000r\000e\000a\000,\000\040\000C\000h\000a\000r\000l\000e\000s\000\040\000E\000d\000w\000a\000r\000d\000\040\000B\000a\000n\000d\000a\000r\000a\000n\000a\000i\000k\000e}{part.79}% 256
\BOOKMARK [-1][-]{part.80}{\376\377\000L\000X\000X\000X\000\040\000W\000i\000j\000e\000n\000a\000i\000k\000e\000,\000\040\000C\000\040\000D\000e\000\040\000S\000i\000l\000v\000a\000\040\000A}{}% 257
\BOOKMARK [0][-]{chapter.178}{\376\377\000W\000i\000j\000e\000n\000a\000i\000k\000e\000,\000\040\000C\000\040\000D\000e\000\040\000S\000i\000l\000v\000a\000\040\000A}{part.80}% 258
\BOOKMARK [-1][-]{part.81}{\376\377\000L\000X\000X\000X\000I\000\040\000E\000k\000a\000n\000a\000y\000a\000k\000e\000,\000\040\000F\000a\000t\000h\000e\000r}{}% 259
\BOOKMARK [0][-]{chapter.179}{\376\377\000E\000k\000a\000n\000a\000y\000a\000k\000e\000,\000\040\000F\000a\000t\000h\000e\000r}{part.81}% 260
\BOOKMARK [-1][-]{part.82}{\376\377\000L\000X\000X\000X\000I\000I\000\040\000J\000a\000y\000a\000s\000e\000k\000a\000r\000a\000,\000\040\000D\000o\000n\000\040\000J\000a\000m\000e\000s\000\040\000W\000i\000j\000e\000w\000a\000r\000d\000e\000n\000a}{}% 261
\BOOKMARK [0][-]{chapter.180}{\376\377\000J\000a\000y\000a\000s\000e\000k\000a\000r\000a\000,\000\040\000D\000o\000n\000\040\000J\000a\000m\000e\000s\000\040\000W\000i\000j\000e\000w\000a\000r\000d\000e\000n\000a}{part.82}% 262
\BOOKMARK [-1][-]{part.83}{\376\377\000L\000X\000X\000X\000I\000I\000I\000\040\000G\000o\000o\000n\000e\000s\000e\000k\000e\000r\000e\000,\000\040\000W\000i\000l\000l\000i\000a\000m\000\040\000A\000l\000f\000r\000e\000d}{}% 263
\BOOKMARK [0][-]{chapter.181}{\376\377\000G\000o\000o\000n\000e\000s\000e\000k\000e\000r\000e\000,\000\040\000W\000i\000l\000l\000i\000a\000m\000\040\000A\000l\000f\000r\000e\000d}{part.83}% 264
\BOOKMARK [-1][-]{part.84}{\376\377\000L\000X\000X\000X\000I\000V\000\040\000B\000a\000l\000a\000l\000l\000e\000,\000\040\000H\000\040\000B}{}% 265
\BOOKMARK [0][-]{chapter.182}{\376\377\000B\000a\000l\000a\000l\000l\000e\000,\000\040\000H\000\040\000B}{part.84}% 266
\BOOKMARK [-1][-]{part.85}{\376\377\000L\000X\000X\000X\000V\000\040\000N\000u\000g\000a\000w\000e\000l\000a\000,\000\040\000V\000i\000n\000c\000e\000n\000t}{}% 267
\BOOKMARK [0][-]{chapter.183}{\376\377\000N\000u\000g\000a\000w\000e\000l\000a\000,\000\040\000V\000i\000n\000c\000e\000n\000t}{part.85}% 268
\BOOKMARK [-1][-]{part.86}{\376\377\000L\000X\000X\000X\000V\000I\000\040\000O\000v\000e\000r\000l\000u\000n\000d\000e\000,\000\040\000R\000o\000n\000n\000i\000e}{}% 269
\BOOKMARK [0][-]{chapter.184}{\376\377\000O\000v\000e\000r\000l\000u\000n\000d\000e\000,\000\040\000R\000o\000n\000n\000i\000e}{part.86}% 270
\BOOKMARK [-1][-]{part.87}{\376\377\000L\000X\000X\000X\000V\000I\000I\000\040\000M\000o\000t\000t\000a\000u\000,\000\040\000S\000a\000m\000u\000e\000l\000\040\000A\000n\000d\000r\000e\000w\000\040\000W\000i\000l\000l\000i\000a\000m}{}% 271
\BOOKMARK [0][-]{chapter.185}{\376\377\000M\000o\000t\000t\000a\000u\000,\000\040\000S\000a\000m\000u\000e\000l\000\040\000A\000n\000d\000r\000e\000w\000\040\000W\000i\000l\000l\000i\000a\000m}{part.87}% 272
\BOOKMARK [-1][-]{part.88}{\376\377\000L\000X\000X\000X\000V\000I\000I\000I\000\040\000W\000a\000n\000a\000g\000u\000r\000u\000,\000\040\000D\000u\000d\000l\000e\000y}{}% 273
\BOOKMARK [0][-]{chapter.186}{\376\377\000W\000a\000n\000a\000g\000u\000r\000u\000,\000\040\000D\000u\000d\000l\000e\000y}{part.88}% 274
\BOOKMARK [-1][-]{part.89}{\376\377\000L\000X\000X\000X\000I\000X\000\040\000A\000b\000e\000y\000g\000u\000n\000a\000w\000a\000r\000d\000e\000n\000e\000,\000\040\000E\000\040\000Y\000\040\000D\000\040\000C\000a\000d\000m\000u\000s\000\040\000A\000b\000e\000y\000g\000u\000n\000a\000w\000a\000r\000d\000e\000n\000e}{}% 275
\BOOKMARK [0][-]{chapter.187}{\376\377\000A\000b\000e\000y\000g\000u\000n\000a\000w\000a\000r\000d\000e\000n\000e\000,\000\040\000E\000\040\000Y\000\040\000D\000\040\000C\000a\000d\000m\000u\000s\000\040\000A\000b\000e\000y\000g\000u\000n\000a\000w\000a\000r\000d\000e\000n\000e}{part.89}% 276
\BOOKMARK [-1][-]{part.90}{\376\377\000X\000C\000\040\000H\000e\000r\000a\000t\000-\000G\000u\000n\000a\000r\000a\000t\000n\000e\000,\000\040\000H\000\040\000M\000\040\000G\000\040\000H\000e\000r\000a\000t}{}% 277
\BOOKMARK [0][-]{chapter.188}{\376\377\000H\000e\000r\000a\000t\000-\000G\000u\000n\000a\000r\000a\000t\000n\000e\000,\000\040\000H\000\040\000M\000\040\000G\000\040\000H\000e\000r\000a\000t}{part.90}% 278
\BOOKMARK [-1][-]{part.91}{\376\377\000X\000C\000I\000\040\000E\000k\000a\000n\000a\000y\000a\000k\000e\000,\000\040\000D\000i\000o\000n\000y\000s\000i\000u\000s\000\040\000P\000e\000r\000e\000r\000a\000\040\000E\000k\000a\000n\000a\000y\000a\000k\000e}{}% 279
\BOOKMARK [0][-]{chapter.189}{\376\377\000E\000k\000a\000n\000a\000y\000a\000k\000e\000,\000\040\000D\000i\000o\000n\000y\000s\000i\000u\000s\000\040\000P\000e\000r\000e\000r\000a\000\040\000E\000k\000a\000n\000a\000y\000a\000k\000e}{part.91}% 280
\BOOKMARK [-1][-]{part.92}{\376\377\000X\000C\000I\000I\000\040\000K\000o\000d\000i\000t\000u\000w\000a\000k\000k\000u\000,\000\040\000W\000i\000r\000a\000s\000i\000n\000h\000a\000\040\000K\000o\000d\000i\000t\000u\000w\000a\000k\000k\000u}{}% 281
\BOOKMARK [0][-]{chapter.190}{\376\377\000K\000o\000d\000i\000t\000u\000w\000a\000k\000k\000u\000,\000\040\000W\000i\000r\000a\000s\000i\000n\000h\000a\000\040\000K\000o\000d\000i\000t\000u\000w\000a\000k\000k\000u}{part.92}% 282
\BOOKMARK [-1][-]{part.93}{\376\377\000X\000C\000I\000I\000I\000\040\000D\000e\000\040\000S\000a\000r\000a\000m\000,\000\040\000P\000e\000t\000e\000r}{}% 283
\BOOKMARK [0][-]{chapter.191}{\376\377\000D\000e\000\040\000S\000a\000r\000a\000m\000,\000\040\000P\000e\000t\000e\000r}{part.93}% 284
